Using pre-set license
Built from '2020.3/staging' branch; Version is '2020.3.10f1 (297d780c91bc) revision 2719096'; Using compiler version '192528614'; Build Type 'Release'
OS: 'Windows 10 Home Single Language; OS build 19042.1165; Version 2009; 64bit' Language: 'tr' Physical Memory: 8112 MB
BatchMode: 1, IsHumanControllingUs: 0, StartBugReporterOnCrash: 0, Is64bit: 1, IsPro: 0

 COMMAND LINE ARGUMENTS:
C:\Program Files\Unity\Hub\Editor\2020.3.10f1\Editor\Unity.exe
-adb2
-batchMode
-noUpm
-name
AssetImportWorker0
-projectPath
C:/Users/MONSTER/Desktop/All Files/Unity Games/jonathan
-logFile
Logs/AssetImportWorker0.log
-srvPort
51678
Successfully changed project path to: C:/Users/MONSTER/Desktop/All Files/Unity Games/jonathan
C:/Users/MONSTER/Desktop/All Files/Unity Games/jonathan
Using Asset Import Pipeline V2.
Refreshing native plugins compatible for Editor in 52.49 ms, found 3 plugins.
Preloading 0 native plugins for Editor in 0.00 ms.
Initialize engine version: 2020.3.10f1 (297d780c91bc)
[Subsystems] Discovering subsystems at path C:/Program Files/Unity/Hub/Editor/2020.3.10f1/Editor/Data/Resources/UnitySubsystems
[Subsystems] Discovering subsystems at path C:/Users/MONSTER/Desktop/All Files/Unity Games/jonathan/Assets
GfxDevice: creating device client; threaded=0
Direct3D:
    Version:  Direct3D 11.0 [level 11.0]
    Renderer: NVIDIA GeForce GTX 960M (ID=0x139b)
    Vendor:   
    VRAM:     4053 MB
    Driver:   26.21.14.4587
Initialize mono
Mono path[0] = 'C:/Program Files/Unity/Hub/Editor/2020.3.10f1/Editor/Data/Managed'
Mono path[1] = 'C:/Program Files/Unity/Hub/Editor/2020.3.10f1/Editor/Data/MonoBleedingEdge/lib/mono/unityjit'
Mono config path = 'C:/Program Files/Unity/Hub/Editor/2020.3.10f1/Editor/Data/MonoBleedingEdge/etc'
Using monoOptions --debugger-agent=transport=dt_socket,embedding=1,server=y,suspend=n,address=127.0.0.1:56004
Begin MonoManager ReloadAssembly
Registering precompiled unity dll's ...
Register platform support module: C:/Program Files/Unity/Hub/Editor/2020.3.10f1/Editor/Data/PlaybackEngines/WebGLSupport/UnityEditor.WebGL.Extensions.dll
Register platform support module: C:/Program Files/Unity/Hub/Editor/2020.3.10f1/Editor/Data/PlaybackEngines/MacStandaloneSupport/UnityEditor.OSXStandalone.Extensions.dll
Register platform support module: C:/Program Files/Unity/Hub/Editor/2020.3.10f1/Editor/Data/PlaybackEngines/WindowsStandaloneSupport/UnityEditor.WindowsStandalone.Extensions.dll
Registered in 0.004026 seconds.
Native extension for WindowsStandalone target not found
Native extension for OSXStandalone target not found
Native extension for WebGL target not found
Refreshing native plugins compatible for Editor in 76.38 ms, found 3 plugins.
Preloading 0 native plugins for Editor in 0.00 ms.
Mono: successfully reloaded assembly
- Completed reload, in  3.166 seconds
Platform modules already initialized, skipping
Registering precompiled user dll's ...
Registered in 0.007833 seconds.
Begin MonoManager ReloadAssembly
Native extension for WindowsStandalone target not found
Native extension for OSXStandalone target not found
Native extension for WebGL target not found
Refreshing native plugins compatible for Editor in 48.78 ms, found 3 plugins.
Preloading 0 native plugins for Editor in 0.00 ms.
Mono: successfully reloaded assembly
- Completed reload, in  1.581 seconds
Platform modules already initialized, skipping
========================================================================
Worker process is ready to serve import requests
Launched and connected shader compiler UnityShaderCompiler.exe after 0.11 seconds
Refreshing native plugins compatible for Editor in 0.54 ms, found 3 plugins.
Preloading 0 native plugins for Editor in 0.00 ms.
Unloading 2079 Unused Serialized files (Serialized files now loaded: 0)
System memory in use before: 92.8 MB.
System memory in use after: 92.8 MB.

Unloading 29 unused Assets to reduce memory usage. Loaded Objects now: 2516.
Total: 3.221300 ms (FindLiveObjects: 0.232100 ms CreateObjectMapping: 0.105700 ms MarkObjects: 2.746300 ms  DeleteObjects: 0.135800 ms)

========================================================================
Received Import Request.
  path: Assets
  artifactKey: Guid(00000000000000001000000000000000) Importer(815301076,1909f56bfc062723c751e8b465ee728b)
Start importing Assets using Guid(00000000000000001000000000000000) Importer(815301076,1909f56bfc062723c751e8b465ee728b)  -> (artifact id: '42d402b061de3733987d63b9cc3b64de') in 0.012279 seconds
  Import took 0.017668 seconds .

========================================================================
Received Import Request.
  Time since last request: 12.218398 seconds.
  path: Assets/Sprites
  artifactKey: Guid(f2c5598aa028a3049aac6a554ca34609) Importer(815301076,1909f56bfc062723c751e8b465ee728b)
Start importing Assets/Sprites using Guid(f2c5598aa028a3049aac6a554ca34609) Importer(815301076,1909f56bfc062723c751e8b465ee728b)  -> (artifact id: 'a366fd45807e423db2508229969db038') in 0.009988 seconds
  Import took 0.016456 seconds .

========================================================================
Received Import Request.
  Time since last request: 19.640372 seconds.
  path: Assets/Sprites/SpaceshipMap.png
  artifactKey: Guid(b719f08c9024e134ea02c44b0f45257a) Importer(815301076,1909f56bfc062723c751e8b465ee728b)
Start importing Assets/Sprites/SpaceshipMap.png using Guid(b719f08c9024e134ea02c44b0f45257a) Importer(815301076,1909f56bfc062723c751e8b465ee728b)  -> (artifact id: 'e88db896ed3f5f6ec9bc4b1204726fd2') in 0.236257 seconds
  Import took 0.240342 seconds .

========================================================================
Received Import Request.
  Time since last request: 90.681300 seconds.
  path: Assets/Sprites/SpaceshipMap 1.png
  artifactKey: Guid(0273459ff1c7c0f4eac7f8064d3fdc1d) Importer(815301076,1909f56bfc062723c751e8b465ee728b)
Start importing Assets/Sprites/SpaceshipMap 1.png using Guid(0273459ff1c7c0f4eac7f8064d3fdc1d) Importer(815301076,1909f56bfc062723c751e8b465ee728b)  -> (artifact id: '198115dbcacd0faf8f012b040c71d68d') in 0.034736 seconds
  Import took 0.040207 seconds .

========================================================================
Received Import Request.
  Time since last request: 2209.041842 seconds.
  path: Assets/Sprites/SpaceshipMapSketch.png
  artifactKey: Guid(0273459ff1c7c0f4eac7f8064d3fdc1d) Importer(815301076,1909f56bfc062723c751e8b465ee728b)
Start importing Assets/Sprites/SpaceshipMapSketch.png using Guid(0273459ff1c7c0f4eac7f8064d3fdc1d) Importer(815301076,1909f56bfc062723c751e8b465ee728b)  -> (artifact id: 'b757940dec849bd60447bee968d63d77') in 0.045545 seconds
  Import took 0.050602 seconds .

========================================================================
Received Import Request.
  Time since last request: 70.329885 seconds.
  path: Assets/Scenes
  artifactKey: Guid(b4a7e0223d38df24cbbf10813ae5c4f4) Importer(815301076,1909f56bfc062723c751e8b465ee728b)
Start importing Assets/Scenes using Guid(b4a7e0223d38df24cbbf10813ae5c4f4) Importer(815301076,1909f56bfc062723c751e8b465ee728b)  -> (artifact id: '9213f0141dbca75411c250b330536bad') in 0.011958 seconds
  Import took 0.019532 seconds .

========================================================================
Received Import Request.
  Time since last request: 0.002954 seconds.
  path: Assets/Scenes
  artifactKey: Guid(b4a7e0223d38df24cbbf10813ae5c4f4) Importer(815301076,1909f56bfc062723c751e8b465ee728b)
Start importing Assets/Scenes using Guid(b4a7e0223d38df24cbbf10813ae5c4f4) Importer(815301076,1909f56bfc062723c751e8b465ee728b)  -> (artifact id: '9213f0141dbca75411c250b330536bad') in 0.005330 seconds
  Import took 0.013213 seconds .

========================================================================
Received Import Request.
  Time since last request: 0.691811 seconds.
  path: Assets/Scenes/SampleScene.unity
  artifactKey: Guid(2cda990e2423bbf4892e6590ba056729) Importer(815301076,1909f56bfc062723c751e8b465ee728b)
Start importing Assets/Scenes/SampleScene.unity using Guid(2cda990e2423bbf4892e6590ba056729) Importer(815301076,1909f56bfc062723c751e8b465ee728b)  -> (artifact id: '6ab1227ff6a2b1c7dcbd1642eb6a6c04') in 0.018966 seconds
  Import took 0.026884 seconds .

========================================================================
Received Import Request.
  Time since last request: 8.946001 seconds.
  path: Assets/Scenes/MainScene.unity
  artifactKey: Guid(2cda990e2423bbf4892e6590ba056729) Importer(815301076,1909f56bfc062723c751e8b465ee728b)
Start importing Assets/Scenes/MainScene.unity using Guid(2cda990e2423bbf4892e6590ba056729) Importer(815301076,1909f56bfc062723c751e8b465ee728b)  -> (artifact id: '6c078f8880d283a933ff840a52bd030c') in 0.017019 seconds
  Import took 0.024626 seconds .

========================================================================
Received Import Request.
  Time since last request: 3.709266 seconds.
  path: Assets/Scenes/MainScene 1.unity
  artifactKey: Guid(25a8216a03fffd148ac477039597d1e2) Importer(815301076,1909f56bfc062723c751e8b465ee728b)
Start importing Assets/Scenes/MainScene 1.unity using Guid(25a8216a03fffd148ac477039597d1e2) Importer(815301076,1909f56bfc062723c751e8b465ee728b)  -> (artifact id: '4f75b0d0a0908dbd75731c4067d1787d') in 0.016429 seconds
  Import took 0.023221 seconds .

========================================================================
Received Import Request.
  Time since last request: 1747.481487 seconds.
  path: Assets/Scripts
  artifactKey: Guid(7b593ccfd8983c04683012e8babea031) Importer(815301076,1909f56bfc062723c751e8b465ee728b)
Start importing Assets/Scripts using Guid(7b593ccfd8983c04683012e8babea031) Importer(815301076,1909f56bfc062723c751e8b465ee728b)  -> (artifact id: '9b2d95843a5bb0fe8f5e6046b3e4e634') in 0.026956 seconds
  Import took 0.038053 seconds .

========================================================================
Received Import Request.
  Time since last request: 129.173510 seconds.
  path: Assets/Sprites/Players.png
  artifactKey: Guid(1cdaa133fe1505d47a3a199cbab1395d) Importer(815301076,1909f56bfc062723c751e8b465ee728b)
Start importing Assets/Sprites/Players.png using Guid(1cdaa133fe1505d47a3a199cbab1395d) Importer(815301076,1909f56bfc062723c751e8b465ee728b)  -> (artifact id: 'f075528342515e743d0e94ee017f4020') in 0.041544 seconds
  Import took 0.050147 seconds .

========================================================================
Received Import Request.
  Time since last request: 28.773576 seconds.
  path: Assets/Sprites/Players.png
  artifactKey: Guid(1cdaa133fe1505d47a3a199cbab1395d) Importer(815301076,1909f56bfc062723c751e8b465ee728b)
Start importing Assets/Sprites/Players.png using Guid(1cdaa133fe1505d47a3a199cbab1395d) Importer(815301076,1909f56bfc062723c751e8b465ee728b)  -> (artifact id: '1ce8758e8da9b840b7c70f8fa37fa535') in 0.031931 seconds
  Import took 0.039237 seconds .

========================================================================
Received Import Request.
  Time since last request: 11.911001 seconds.
  path: Assets/Sprites/Players.png
  artifactKey: Guid(1cdaa133fe1505d47a3a199cbab1395d) Importer(815301076,1909f56bfc062723c751e8b465ee728b)
Start importing Assets/Sprites/Players.png using Guid(1cdaa133fe1505d47a3a199cbab1395d) Importer(815301076,1909f56bfc062723c751e8b465ee728b)  -> (artifact id: '8994c6c6e97316e0aff4d7a3b04a30e2') in 0.033509 seconds
  Import took 0.038520 seconds .

========================================================================
Received Import Request.
  Time since last request: 43.478542 seconds.
  path: Assets/Sprites/Players.png
  artifactKey: Guid(1cdaa133fe1505d47a3a199cbab1395d) Importer(815301076,1909f56bfc062723c751e8b465ee728b)
Start importing Assets/Sprites/Players.png using Guid(1cdaa133fe1505d47a3a199cbab1395d) Importer(815301076,1909f56bfc062723c751e8b465ee728b)  -> (artifact id: 'ded0b9114b9bd72ca940f01e1650f88e') in 0.031373 seconds
  Import took 0.042059 seconds .

